<?xml version="1.0" encoding="UTF-8"?>
<!-- Generated by org.testng.reporters.JUnitReportReporter -->
<testsuite name="jenkins_test.test2" tests="1" time="0.001" ignored="0" failures="0" timestamp="23 Apr 2021 08:39:36 GMT" skipped="0" hostname="LAPTOP-75G6PTHA" errors="0">
  <testcase name="jenkins_test2" time="0.001" classname="jenkins_test.test2"/>
</testsuite> <!-- jenkins_test.test2 -->
