<?xml version="1.0" encoding="UTF-8"?>
<!-- Generated by org.testng.reporters.JUnitReportReporter -->
<testsuite name="jenkins_test.Test_jenkins" tests="1" time="7.177" ignored="0" failures="0" timestamp="23 Apr 2021 08:39:36 GMT" skipped="0" hostname="LAPTOP-75G6PTHA" errors="0">
  <testcase name="test1" time="7.177" classname="jenkins_test.Test_jenkins"/>
</testsuite> <!-- jenkins_test.Test_jenkins -->
